{"level":"info","message":"The HTTP server is listening on port 3000","timestamp":"2018-01-06T20:01:24.334Z"}
{"level":"info","message":"The WebSocket server is listening on port 3000","timestamp":"2018-01-06T20:01:24.337Z"}
{"level":"debug","message":"RECEIVED: room,TheGeneratedIdOfThisRoom,{\"username\":\"webtest\",\"userId\":\"dummyId\",\"content\":\"/enter science\"}","timestamp":"2018-01-06T20:01:41.734Z"}
{"level":"info","message":"Parsed a message of type \"room\" sent to target \"TheGeneratedIdOfThisRoom\".","timestamp":"2018-01-06T20:01:41.737Z"}
{"level":"info","message":"The server is exiting","timestamp":"2018-01-06T20:02:44.557Z"}
{"level":"info","message":"The HTTP server is listening on port 3000","timestamp":"2018-01-06T20:06:50.541Z"}
{"level":"info","message":"The WebSocket server is listening on port 3000","timestamp":"2018-01-06T20:06:50.545Z"}
{"level":"debug","message":"RECEIVED: room,TheGeneratedIdOfThisRoom,{\"username\":\"webtest\",\"userId\":\"dummyId\",\"content\":\"/enter science\"}","timestamp":"2018-01-06T20:07:08.055Z"}
{"level":"info","message":"Parsed a message of type \"room\" sent to target \"TheGeneratedIdOfThisRoom\".","timestamp":"2018-01-06T20:07:08.066Z"}
{"level":"debug","message":"Target \"dummyId\" asked for examination.","timestamp":"2018-01-06T20:07:08.068Z"}
["0","1","2","3","4","5"]
{"level":"info","message":"The server is exiting","timestamp":"2018-01-06T20:11:28.045Z"}
{"level":"info","message":"The HTTP server is listening on port 3000","timestamp":"2018-01-06T20:11:35.106Z"}
{"level":"info","message":"The WebSocket server is listening on port 3000","timestamp":"2018-01-06T20:11:35.110Z"}
{"level":"debug","message":"RECEIVED: room,TheGeneratedIdOfThisRoom,{\"username\":\"webtest\",\"userId\":\"dummyId\",\"content\":\"/enter science\"}","timestamp":"2018-01-06T20:11:50.266Z"}
{"level":"info","message":"Parsed a message of type \"room\" sent to target \"TheGeneratedIdOfThisRoom\".","timestamp":"2018-01-06T20:11:50.270Z"}
{"level":"debug","message":"Target \"dummyId\" asked for examination.","timestamp":"2018-01-06T20:11:50.271Z"}
{"level":"debug","message":"HERE BEFORE","timestamp":"2018-01-06T20:11:50.273Z"}
["0","1","2","3","4","5"]
{"level":"debug","message":"HERE AFTER","timestamp":"2018-01-06T20:11:50.276Z"}
{"level":"info","message":"The server is exiting","timestamp":"2018-01-06T21:08:21.134Z"}
{"level":"info","message":"The HTTP server is listening on port 3000","timestamp":"2018-01-06T21:10:17.646Z"}
{"level":"info","message":"The WebSocket server is listening on port 3000","timestamp":"2018-01-06T21:10:17.648Z"}
{"level":"debug","message":"RECEIVED: room,TheGeneratedIdOfThisRoom,{\"username\":\"webtest\",\"userId\":\"dummyId\",\"content\":\"/enter science\"}","timestamp":"2018-01-06T21:10:33.695Z"}
{"level":"info","message":"Parsed a message of type \"room\" sent to target \"TheGeneratedIdOfThisRoom\".","timestamp":"2018-01-06T21:10:33.709Z"}
{"level":"debug","message":"Target \"dummyId\" asked for examination.","timestamp":"2018-01-06T21:10:33.713Z"}
{"level":"debug","message":"HERE BEFORE","timestamp":"2018-01-06T21:10:33.714Z"}
{"level":"info","message":"The server is exiting","timestamp":"2018-01-06T21:10:48.216Z"}
{"level":"info","message":"The HTTP server is listening on port 3000","timestamp":"2018-01-06T21:11:26.381Z"}
{"level":"info","message":"The WebSocket server is listening on port 3000","timestamp":"2018-01-06T21:11:26.383Z"}
{"level":"debug","message":"RECEIVED: room,TheGeneratedIdOfThisRoom,{\"username\":\"webtest\",\"userId\":\"dummyId\",\"content\":\"/enter science\"}","timestamp":"2018-01-06T21:11:40.415Z"}
{"level":"info","message":"Parsed a message of type \"room\" sent to target \"TheGeneratedIdOfThisRoom\".","timestamp":"2018-01-06T21:11:40.428Z"}
{"level":"debug","message":"Target \"dummyId\" asked for examination.","timestamp":"2018-01-06T21:11:40.430Z"}
{"level":"debug","message":"HERE BEFORE","timestamp":"2018-01-06T21:11:40.431Z"}
{"level":"info","message":"The server is exiting","timestamp":"2018-01-06T21:12:51.763Z"}
{"level":"info","message":"The HTTP server is listening on port 3000","timestamp":"2018-01-06T21:12:57.192Z"}
{"level":"info","message":"The WebSocket server is listening on port 3000","timestamp":"2018-01-06T21:12:57.194Z"}
{"level":"info","message":"The server is exiting","timestamp":"2018-01-06T21:13:22.174Z"}
{"level":"info","message":"The HTTP server is listening on port 3000","timestamp":"2018-01-06T21:13:26.931Z"}
{"level":"info","message":"The WebSocket server is listening on port 3000","timestamp":"2018-01-06T21:13:26.934Z"}
{"level":"debug","message":"RECEIVED: room,TheGeneratedIdOfThisRoom,{\"username\":\"webtest\",\"userId\":\"dummyId\",\"content\":\"/enter science\"}","timestamp":"2018-01-06T21:13:35.019Z"}
{"level":"info","message":"Parsed a message of type \"room\" sent to target \"TheGeneratedIdOfThisRoom\".","timestamp":"2018-01-06T21:13:35.023Z"}
{"level":"debug","message":"Target \"dummyId\" asked for examination.","timestamp":"2018-01-06T21:13:35.024Z"}
{"level":"debug","message":"HERE BEFORE","timestamp":"2018-01-06T21:13:35.026Z"}
{"level":"info","message":"The server is exiting","timestamp":"2018-01-06T21:13:43.688Z"}
{"level":"info","message":"The HTTP server is listening on port 3000","timestamp":"2018-01-06T21:14:19.613Z"}
{"level":"info","message":"The WebSocket server is listening on port 3000","timestamp":"2018-01-06T21:14:19.615Z"}
{"level":"debug","message":"RECEIVED: room,TheGeneratedIdOfThisRoom,{\"username\":\"webtest\",\"userId\":\"dummyId\",\"content\":\"/enter science\"}","timestamp":"2018-01-06T21:14:28.678Z"}
{"level":"info","message":"Parsed a message of type \"room\" sent to target \"TheGeneratedIdOfThisRoom\".","timestamp":"2018-01-06T21:14:28.682Z"}
{"level":"debug","message":"Target \"dummyId\" asked for examination.","timestamp":"2018-01-06T21:14:28.684Z"}
{"level":"debug","message":"HERE BEFORE","timestamp":"2018-01-06T21:14:28.685Z"}
["SCIENCE","TECHNOLOGY"]
{"level":"debug","message":"HERE AFTER","timestamp":"2018-01-06T21:14:28.688Z"}
{"level":"info","message":"The server is exiting","timestamp":"2018-01-06T21:28:06.075Z"}
{"level":"info","message":"The HTTP server is listening on port 3000","timestamp":"2018-01-06T21:28:11.893Z"}
{"level":"info","message":"The WebSocket server is listening on port 3000","timestamp":"2018-01-06T21:28:11.896Z"}
{"level":"debug","message":"RECEIVED: room,TheGeneratedIdOfThisRoom,{\"username\":\"webtest\",\"userId\":\"dummyId\",\"content\":\"/enter science\"}","timestamp":"2018-01-06T21:28:23.498Z"}
{"level":"info","message":"Parsed a message of type \"room\" sent to target \"TheGeneratedIdOfThisRoom\".","timestamp":"2018-01-06T21:28:23.511Z"}
{"level":"debug","message":"Target \"dummyId\" asked for examination.","timestamp":"2018-01-06T21:28:23.512Z"}
{"level":"debug","message":"HERE BEFORE","timestamp":"2018-01-06T21:28:23.514Z"}
["SCIENCE","TECHNOLOGY"]
{"level":"debug","message":"HERE AFTER","timestamp":"2018-01-06T21:28:23.517Z"}
{"level":"info","message":"The server is exiting","timestamp":"2018-01-06T21:29:07.830Z"}
{"level":"info","message":"The HTTP server is listening on port 3000","timestamp":"2018-01-06T21:29:12.969Z"}
{"level":"info","message":"The WebSocket server is listening on port 3000","timestamp":"2018-01-06T21:29:12.972Z"}
{"level":"debug","message":"RECEIVED: room,TheGeneratedIdOfThisRoom,{\"username\":\"webtest\",\"userId\":\"dummyId\",\"content\":\"/enter science\"}","timestamp":"2018-01-06T21:29:28.574Z"}
{"level":"info","message":"Parsed a message of type \"room\" sent to target \"TheGeneratedIdOfThisRoom\".","timestamp":"2018-01-06T21:29:28.588Z"}
{"level":"debug","message":"Target \"dummyId\" asked for examination.","timestamp":"2018-01-06T21:29:28.590Z"}
{"level":"debug","message":"HERE BEFORE","timestamp":"2018-01-06T21:29:28.591Z"}
["SCIENCE","TECHNOLOGY"]
{"level":"debug","message":"HERE AFTER","timestamp":"2018-01-06T21:29:28.594Z"}
{"level":"debug","message":"0","timestamp":"2018-01-06T21:29:28.595Z"}
{"level":"debug","message":"1","timestamp":"2018-01-06T21:29:28.597Z"}
{"level":"info","message":"The server is exiting","timestamp":"2018-01-06T21:30:18.813Z"}
{"level":"info","message":"The HTTP server is listening on port 3000","timestamp":"2018-01-06T21:30:23.935Z"}
{"level":"info","message":"The WebSocket server is listening on port 3000","timestamp":"2018-01-06T21:30:23.938Z"}
{"level":"debug","message":"RECEIVED: room,TheGeneratedIdOfThisRoom,{\"username\":\"webtest\",\"userId\":\"dummyId\",\"content\":\"/enter science\"}","timestamp":"2018-01-06T21:30:32.617Z"}
{"level":"info","message":"Parsed a message of type \"room\" sent to target \"TheGeneratedIdOfThisRoom\".","timestamp":"2018-01-06T21:30:32.625Z"}
{"level":"debug","message":"Target \"dummyId\" asked for examination.","timestamp":"2018-01-06T21:30:32.627Z"}
{"level":"debug","message":"HERE BEFORE","timestamp":"2018-01-06T21:30:32.628Z"}
["SCIENCE","TECHNOLOGY"]
{"level":"debug","message":"HERE AFTER","timestamp":"2018-01-06T21:30:32.631Z"}
{"level":"debug","message":"SCIENCE","timestamp":"2018-01-06T21:30:32.633Z"}
{"level":"info","message":"The server is exiting","timestamp":"2018-01-06T21:30:56.959Z"}
{"level":"info","message":"The HTTP server is listening on port 3000","timestamp":"2018-01-06T21:31:04.775Z"}
{"level":"info","message":"The WebSocket server is listening on port 3000","timestamp":"2018-01-06T21:31:04.778Z"}
{"level":"debug","message":"RECEIVED: room,TheGeneratedIdOfThisRoom,{\"username\":\"webtest\",\"userId\":\"dummyId\",\"content\":\"/enter science\"}","timestamp":"2018-01-06T21:31:13.927Z"}
{"level":"info","message":"Parsed a message of type \"room\" sent to target \"TheGeneratedIdOfThisRoom\".","timestamp":"2018-01-06T21:31:13.930Z"}
{"level":"debug","message":"Target \"dummyId\" asked for examination.","timestamp":"2018-01-06T21:31:13.932Z"}
{"level":"debug","message":"HERE BEFORE","timestamp":"2018-01-06T21:31:13.934Z"}
["SCIENCE","TECHNOLOGY"]
{"level":"debug","message":"HERE AFTER","timestamp":"2018-01-06T21:31:13.940Z"}
{"level":"debug","message":"SCIENCE","timestamp":"2018-01-06T21:31:13.942Z"}
{"level":"debug","message":"TECHNOLOGY","timestamp":"2018-01-06T21:31:13.943Z"}
{"level":"debug","message":"Connection closed.","timestamp":"2018-01-08T00:22:19.089Z"}
{"level":"info","message":"The HTTP server is listening on port 3000","timestamp":"2018-01-08T23:39:36.533Z"}
{"level":"info","message":"The WebSocket server is listening on port 3000","timestamp":"2018-01-08T23:39:36.536Z"}
{"level":"debug","message":"RECEIVED: room,TheGeneratedIdOfThisRoom,{\"username\":\"webtest\",\"userId\":\"dummyId\",\"content\":\"/enter science\"}","timestamp":"2018-01-08T23:39:46.484Z"}
{"level":"info","message":"Parsed a message of type \"room\" sent to target \"TheGeneratedIdOfThisRoom\".","timestamp":"2018-01-08T23:39:46.489Z"}
{"level":"debug","message":"Target \"dummyId\" asked for examination.","timestamp":"2018-01-08T23:39:46.491Z"}
{"level":"debug","message":"HERE BEFORE","timestamp":"2018-01-08T23:39:46.493Z"}
["SCIENCE","TECHNOLOGY","ENGINEERING","ART","MATH"]
{"level":"debug","message":"HERE AFTER","timestamp":"2018-01-08T23:39:46.497Z"}
{"level":"debug","message":"SCIENCE","timestamp":"2018-01-08T23:39:46.499Z"}
{"level":"debug","message":"TECHNOLOGY","timestamp":"2018-01-08T23:39:46.502Z"}
{"level":"debug","message":"ENGINEERING","timestamp":"2018-01-08T23:39:46.503Z"}
{"level":"debug","message":"ART","timestamp":"2018-01-08T23:39:46.507Z"}
{"level":"debug","message":"MATH","timestamp":"2018-01-08T23:39:46.509Z"}
{"level":"debug","message":"RECEIVED: room,TheGeneratedIdOfThisRoom,{\"username\":\"webtest\",\"userId\":\"dummyId\",\"content\":\"/grab coal\"}","timestamp":"2018-01-08T23:39:53.018Z"}
{"level":"info","message":"Parsed a message of type \"room\" sent to target \"TheGeneratedIdOfThisRoom\".","timestamp":"2018-01-08T23:39:53.021Z"}
{"level":"info","message":"The server is exiting","timestamp":"2018-01-08T23:40:07.977Z"}
{"level":"info","message":"The HTTP server is listening on port 3000","timestamp":"2018-01-08T23:40:38.318Z"}
{"level":"info","message":"The WebSocket server is listening on port 3000","timestamp":"2018-01-08T23:40:38.321Z"}
{"level":"debug","message":"RECEIVED: room,TheGeneratedIdOfThisRoom,{\"username\":\"webtest\",\"userId\":\"dummyId\",\"content\":\"/enter science\"}","timestamp":"2018-01-08T23:40:44.789Z"}
{"level":"info","message":"Parsed a message of type \"room\" sent to target \"TheGeneratedIdOfThisRoom\".","timestamp":"2018-01-08T23:40:44.793Z"}
{"level":"debug","message":"Target \"dummyId\" asked for examination.","timestamp":"2018-01-08T23:40:44.795Z"}
{"level":"debug","message":"HERE BEFORE","timestamp":"2018-01-08T23:40:44.797Z"}
["SCIENCE","TECHNOLOGY","ENGINEERING","ART","MATH"]
{"level":"debug","message":"HERE AFTER","timestamp":"2018-01-08T23:40:44.801Z"}
{"level":"debug","message":"SCIENCE","timestamp":"2018-01-08T23:40:44.803Z"}
{"level":"debug","message":"TECHNOLOGY","timestamp":"2018-01-08T23:40:44.807Z"}
{"level":"debug","message":"ENGINEERING","timestamp":"2018-01-08T23:40:44.809Z"}
{"level":"debug","message":"ART","timestamp":"2018-01-08T23:40:44.810Z"}
{"level":"debug","message":"MATH","timestamp":"2018-01-08T23:40:44.812Z"}
{"level":"debug","message":"RECEIVED: room,TheGeneratedIdOfThisRoom,{\"username\":\"webtest\",\"userId\":\"dummyId\",\"content\":\"/grab coal\"}","timestamp":"2018-01-08T23:41:01.251Z"}
{"level":"info","message":"Parsed a message of type \"room\" sent to target \"TheGeneratedIdOfThisRoom\".","timestamp":"2018-01-08T23:41:01.255Z"}
{"level":"debug","message":"Target \"dummyId\" asked for examination.","timestamp":"2018-01-08T23:41:01.256Z"}
{"level":"debug","message":"HERE BEFORE","timestamp":"2018-01-08T23:41:01.264Z"}
{"level":"info","message":"The server is exiting","timestamp":"2018-01-08T23:42:13.186Z"}
{"level":"info","message":"The HTTP server is listening on port 3000","timestamp":"2018-01-08T23:42:21.628Z"}
{"level":"info","message":"The WebSocket server is listening on port 3000","timestamp":"2018-01-08T23:42:21.631Z"}
{"level":"debug","message":"RECEIVED: room,TheGeneratedIdOfThisRoom,{\"username\":\"webtest\",\"userId\":\"dummyId\",\"content\":\"/enter science\"}","timestamp":"2018-01-08T23:42:27.565Z"}
{"level":"info","message":"Parsed a message of type \"room\" sent to target \"TheGeneratedIdOfThisRoom\".","timestamp":"2018-01-08T23:42:27.569Z"}
{"level":"debug","message":"Target \"dummyId\" asked for examination.","timestamp":"2018-01-08T23:42:27.574Z"}
{"level":"debug","message":"HERE BEFORE","timestamp":"2018-01-08T23:42:27.576Z"}
["SCIENCE","TECHNOLOGY","ENGINEERING","ART","MATH"]
{"level":"debug","message":"HERE AFTER","timestamp":"2018-01-08T23:42:27.580Z"}
{"level":"debug","message":"SCIENCE","timestamp":"2018-01-08T23:42:27.581Z"}
{"level":"debug","message":"TECHNOLOGY","timestamp":"2018-01-08T23:42:27.583Z"}
{"level":"debug","message":"ENGINEERING","timestamp":"2018-01-08T23:42:27.585Z"}
{"level":"debug","message":"ART","timestamp":"2018-01-08T23:42:27.587Z"}
{"level":"debug","message":"MATH","timestamp":"2018-01-08T23:42:27.589Z"}
{"level":"debug","message":"RECEIVED: room,TheGeneratedIdOfThisRoom,{\"username\":\"webtest\",\"userId\":\"dummyId\",\"content\":\"/grab coal\"}","timestamp":"2018-01-08T23:42:31.163Z"}
{"level":"info","message":"Parsed a message of type \"room\" sent to target \"TheGeneratedIdOfThisRoom\".","timestamp":"2018-01-08T23:42:31.166Z"}
{"level":"debug","message":"Target \"dummyId\" asked for examination.","timestamp":"2018-01-08T23:42:31.168Z"}
{"level":"debug","message":"HERE BEFORE","timestamp":"2018-01-08T23:42:31.172Z"}
{"level":"info","message":"The server is exiting","timestamp":"2018-01-08T23:43:08.777Z"}
{"level":"info","message":"The HTTP server is listening on port 3000","timestamp":"2018-01-08T23:43:13.567Z"}
{"level":"info","message":"The WebSocket server is listening on port 3000","timestamp":"2018-01-08T23:43:13.571Z"}
{"level":"debug","message":"RECEIVED: room,TheGeneratedIdOfThisRoom,{\"username\":\"webtest\",\"userId\":\"dummyId\",\"content\":\"/enter science\"}","timestamp":"2018-01-08T23:43:20.300Z"}
{"level":"info","message":"Parsed a message of type \"room\" sent to target \"TheGeneratedIdOfThisRoom\".","timestamp":"2018-01-08T23:43:20.309Z"}
{"level":"debug","message":"Target \"dummyId\" asked for examination.","timestamp":"2018-01-08T23:43:20.311Z"}
{"level":"debug","message":"HERE BEFORE","timestamp":"2018-01-08T23:43:20.313Z"}
["SCIENCE","TECHNOLOGY","ENGINEERING","ART","MATH"]
{"level":"debug","message":"HERE AFTER","timestamp":"2018-01-08T23:43:20.316Z"}
{"level":"debug","message":"SCIENCE","timestamp":"2018-01-08T23:43:20.318Z"}
{"level":"debug","message":"TECHNOLOGY","timestamp":"2018-01-08T23:43:20.323Z"}
{"level":"debug","message":"ENGINEERING","timestamp":"2018-01-08T23:43:20.324Z"}
{"level":"debug","message":"ART","timestamp":"2018-01-08T23:43:20.326Z"}
{"level":"debug","message":"MATH","timestamp":"2018-01-08T23:43:20.328Z"}
{"level":"debug","message":"RECEIVED: room,TheGeneratedIdOfThisRoom,{\"username\":\"webtest\",\"userId\":\"dummyId\",\"content\":\"/grab coal\"}","timestamp":"2018-01-08T23:43:28.338Z"}
{"level":"info","message":"Parsed a message of type \"room\" sent to target \"TheGeneratedIdOfThisRoom\".","timestamp":"2018-01-08T23:43:28.341Z"}
{"level":"debug","message":"Target \"dummyId\" asked for examination.","timestamp":"2018-01-08T23:43:28.343Z"}
{"level":"debug","message":"HERE BEFORE","timestamp":"2018-01-08T23:43:28.351Z"}
{"level":"debug","message":"HERE AFTER","timestamp":"2018-01-08T23:43:28.355Z"}
{"level":"debug","message":"RECEIVED: room,TheGeneratedIdOfThisRoom,{\"username\":\"webtest\",\"userId\":\"dummyId\",\"content\":\"/ignite \"}","timestamp":"2018-01-08T23:43:36.002Z"}
{"level":"info","message":"Parsed a message of type \"room\" sent to target \"TheGeneratedIdOfThisRoom\".","timestamp":"2018-01-08T23:43:36.005Z"}
{"level":"debug","message":"Target \"dummyId\" asked for examination.","timestamp":"2018-01-08T23:43:36.006Z"}
{"level":"debug","message":"HERE BEFORE","timestamp":"2018-01-08T23:43:36.008Z"}
{"level":"debug","message":"HERE AFTER","timestamp":"2018-01-08T23:43:36.014Z"}
{"level":"info","message":"The server is exiting","timestamp":"2018-01-08T23:45:44.258Z"}
{"level":"info","message":"The HTTP server is listening on port 3000","timestamp":"2018-01-08T23:45:48.781Z"}
{"level":"info","message":"The WebSocket server is listening on port 3000","timestamp":"2018-01-08T23:45:48.783Z"}
{"level":"debug","message":"RECEIVED: room,TheGeneratedIdOfThisRoom,{\"username\":\"webtest\",\"userId\":\"dummyId\",\"content\":\"/enter science\"}","timestamp":"2018-01-08T23:46:09.460Z"}
{"level":"info","message":"Parsed a message of type \"room\" sent to target \"TheGeneratedIdOfThisRoom\".","timestamp":"2018-01-08T23:46:09.464Z"}
{"level":"debug","message":"Target \"dummyId\" asked for examination.","timestamp":"2018-01-08T23:46:09.466Z"}
{"level":"debug","message":"HERE BEFORE","timestamp":"2018-01-08T23:46:09.469Z"}
["SCIENCE","TECHNOLOGY","ENGINEERING","ART","MATH"]
{"level":"debug","message":"HERE AFTER","timestamp":"2018-01-08T23:46:09.475Z"}
{"level":"debug","message":"SCIENCE","timestamp":"2018-01-08T23:46:09.477Z"}
{"level":"debug","message":"TECHNOLOGY","timestamp":"2018-01-08T23:46:09.478Z"}
{"level":"debug","message":"ENGINEERING","timestamp":"2018-01-08T23:46:09.480Z"}
{"level":"debug","message":"ART","timestamp":"2018-01-08T23:46:09.482Z"}
{"level":"debug","message":"MATH","timestamp":"2018-01-08T23:46:09.484Z"}
{"level":"debug","message":"RECEIVED: room,TheGeneratedIdOfThisRoom,{\"username\":\"webtest\",\"userId\":\"dummyId\",\"content\":\"/grab coal\"}","timestamp":"2018-01-08T23:46:14.562Z"}
{"level":"info","message":"Parsed a message of type \"room\" sent to target \"TheGeneratedIdOfThisRoom\".","timestamp":"2018-01-08T23:46:14.566Z"}
{"level":"debug","message":"Target \"dummyId\" asked for examination.","timestamp":"2018-01-08T23:46:14.567Z"}
{"level":"debug","message":"HERE BEFORE","timestamp":"2018-01-08T23:46:14.576Z"}
{"level":"debug","message":"HERE AFTER","timestamp":"2018-01-08T23:46:14.578Z"}
{"level":"debug","message":"RECEIVED: room,TheGeneratedIdOfThisRoom,{\"username\":\"webtest\",\"userId\":\"dummyId\",\"content\":\"/ignite\"}","timestamp":"2018-01-08T23:46:18.442Z"}
{"level":"info","message":"Parsed a message of type \"room\" sent to target \"TheGeneratedIdOfThisRoom\".","timestamp":"2018-01-08T23:46:18.445Z"}
{"level":"debug","message":"Target \"dummyId\" asked for examination.","timestamp":"2018-01-08T23:46:18.447Z"}
{"level":"debug","message":"HERE BEFORE","timestamp":"2018-01-08T23:46:18.449Z"}
{"level":"debug","message":"HERE AFTER","timestamp":"2018-01-08T23:46:18.454Z"}
{"level":"info","message":"The server is exiting","timestamp":"2018-01-08T23:47:03.402Z"}
{"level":"info","message":"The HTTP server is listening on port 3000","timestamp":"2018-01-08T23:47:08.121Z"}
{"level":"info","message":"The WebSocket server is listening on port 3000","timestamp":"2018-01-08T23:47:08.124Z"}
{"level":"debug","message":"RECEIVED: room,TheGeneratedIdOfThisRoom,{\"username\":\"webtest\",\"userId\":\"dummyId\",\"content\":\"/grab science\"}","timestamp":"2018-01-08T23:47:14.101Z"}
{"level":"info","message":"Parsed a message of type \"room\" sent to target \"TheGeneratedIdOfThisRoom\".","timestamp":"2018-01-08T23:47:14.105Z"}
{"level":"debug","message":"Target \"dummyId\" asked for examination.","timestamp":"2018-01-08T23:47:14.107Z"}
{"level":"debug","message":"HERE BEFORE","timestamp":"2018-01-08T23:47:14.109Z"}
{"level":"debug","message":"HERE AFTER","timestamp":"2018-01-08T23:47:14.111Z"}
{"level":"debug","message":"RECEIVED: room,TheGeneratedIdOfThisRoom,{\"username\":\"webtest\",\"userId\":\"dummyId\",\"content\":\"/enter science\"}","timestamp":"2018-01-08T23:47:36.714Z"}
{"level":"info","message":"Parsed a message of type \"room\" sent to target \"TheGeneratedIdOfThisRoom\".","timestamp":"2018-01-08T23:47:36.718Z"}
{"level":"debug","message":"Target \"dummyId\" asked for examination.","timestamp":"2018-01-08T23:47:36.720Z"}
{"level":"debug","message":"HERE BEFORE","timestamp":"2018-01-08T23:47:36.723Z"}
["SCIENCE","TECHNOLOGY","ENGINEERING","ART","MATH"]
{"level":"debug","message":"HERE AFTER","timestamp":"2018-01-08T23:47:36.727Z"}
{"level":"info","message":"The server is exiting","timestamp":"2018-01-08T23:48:17.490Z"}
{"level":"info","message":"The HTTP server is listening on port 3000","timestamp":"2018-01-08T23:48:25.572Z"}
{"level":"info","message":"The WebSocket server is listening on port 3000","timestamp":"2018-01-08T23:48:25.575Z"}
{"level":"debug","message":"RECEIVED: room,TheGeneratedIdOfThisRoom,{\"username\":\"webtest\",\"userId\":\"dummyId\",\"content\":\"/enter science\"}","timestamp":"2018-01-08T23:48:31.884Z"}
{"level":"info","message":"Parsed a message of type \"room\" sent to target \"TheGeneratedIdOfThisRoom\".","timestamp":"2018-01-08T23:48:31.888Z"}
{"level":"debug","message":"Target \"dummyId\" asked for examination.","timestamp":"2018-01-08T23:48:31.890Z"}
{"level":"debug","message":"HERE BEFORE","timestamp":"2018-01-08T23:48:31.892Z"}
["SCIENCE","TECHNOLOGY","ENGINEERING","ART","MATH"]
{"level":"debug","message":"HERE AFTER","timestamp":"2018-01-08T23:48:31.896Z"}
{"level":"debug","message":"SCIENCE","timestamp":"2018-01-08T23:48:31.897Z"}
{"level":"debug","message":"TECHNOLOGY","timestamp":"2018-01-08T23:48:31.899Z"}
{"level":"debug","message":"ENGINEERING","timestamp":"2018-01-08T23:48:31.901Z"}
{"level":"debug","message":"ART","timestamp":"2018-01-08T23:48:31.903Z"}
{"level":"debug","message":"MATH","timestamp":"2018-01-08T23:48:31.907Z"}
{"level":"debug","message":"RECEIVED: room,TheGeneratedIdOfThisRoom,{\"username\":\"webtest\",\"userId\":\"dummyId\",\"content\":\"/grab coal\"}","timestamp":"2018-01-08T23:48:37.754Z"}
{"level":"info","message":"Parsed a message of type \"room\" sent to target \"TheGeneratedIdOfThisRoom\".","timestamp":"2018-01-08T23:48:37.757Z"}
{"level":"debug","message":"Target \"dummyId\" asked for examination.","timestamp":"2018-01-08T23:48:37.759Z"}
{"level":"debug","message":"HERE BEFORE","timestamp":"2018-01-08T23:48:37.765Z"}
{"level":"debug","message":"HERE AFTER","timestamp":"2018-01-08T23:48:37.767Z"}
{"level":"debug","message":"RECEIVED: room,TheGeneratedIdOfThisRoom,{\"username\":\"webtest\",\"userId\":\"dummyId\",\"content\":\"/ignite\"}","timestamp":"2018-01-08T23:48:42.290Z"}
{"level":"info","message":"Parsed a message of type \"room\" sent to target \"TheGeneratedIdOfThisRoom\".","timestamp":"2018-01-08T23:48:42.293Z"}
{"level":"debug","message":"Target \"dummyId\" asked for examination.","timestamp":"2018-01-08T23:48:42.295Z"}
{"level":"debug","message":"HERE BEFORE","timestamp":"2018-01-08T23:48:42.297Z"}
{"level":"debug","message":"HERE AFTER","timestamp":"2018-01-08T23:48:42.302Z"}
{"level":"debug","message":"RECEIVED: room,TheGeneratedIdOfThisRoom,{\"username\":\"webtest\",\"userId\":\"dummyId\",\"content\":\"/exit\"}","timestamp":"2018-01-08T23:48:48.484Z"}
{"level":"info","message":"Parsed a message of type \"room\" sent to target \"TheGeneratedIdOfThisRoom\".","timestamp":"2018-01-08T23:48:48.487Z"}
{"level":"debug","message":"Target \"dummyId\" asked for examination.","timestamp":"2018-01-08T23:48:48.489Z"}
{"level":"debug","message":"HERE BEFORE","timestamp":"2018-01-08T23:48:48.491Z"}
{"level":"debug","message":"HERE AFTER","timestamp":"2018-01-08T23:48:48.499Z"}
{"level":"info","message":"The server is exiting","timestamp":"2018-01-08T23:49:20.577Z"}
{"level":"info","message":"The HTTP server is listening on port 3000","timestamp":"2018-01-08T23:49:25.893Z"}
{"level":"info","message":"The WebSocket server is listening on port 3000","timestamp":"2018-01-08T23:49:25.896Z"}
{"level":"debug","message":"RECEIVED: room,TheGeneratedIdOfThisRoom,{\"username\":\"webtest\",\"userId\":\"dummyId\",\"content\":\"/enter science\"}","timestamp":"2018-01-08T23:49:30.925Z"}
{"level":"info","message":"Parsed a message of type \"room\" sent to target \"TheGeneratedIdOfThisRoom\".","timestamp":"2018-01-08T23:49:30.929Z"}
{"level":"debug","message":"Target \"dummyId\" asked for examination.","timestamp":"2018-01-08T23:49:30.931Z"}
{"level":"debug","message":"HERE BEFORE","timestamp":"2018-01-08T23:49:30.933Z"}
["SCIENCE","TECHNOLOGY","ENGINEERING","ART","MATH"]
{"level":"debug","message":"HERE AFTER","timestamp":"2018-01-08T23:49:30.937Z"}
{"level":"debug","message":"SCIENCE","timestamp":"2018-01-08T23:49:30.941Z"}
{"level":"debug","message":"TECHNOLOGY","timestamp":"2018-01-08T23:49:30.943Z"}
{"level":"debug","message":"ENGINEERING","timestamp":"2018-01-08T23:49:30.945Z"}
{"level":"debug","message":"ART","timestamp":"2018-01-08T23:49:30.946Z"}
{"level":"debug","message":"MATH","timestamp":"2018-01-08T23:49:30.948Z"}
{"level":"debug","message":"RECEIVED: room,TheGeneratedIdOfThisRoom,{\"username\":\"webtest\",\"userId\":\"dummyId\",\"content\":\"/grab coal\"}","timestamp":"2018-01-08T23:49:35.187Z"}
{"level":"info","message":"Parsed a message of type \"room\" sent to target \"TheGeneratedIdOfThisRoom\".","timestamp":"2018-01-08T23:49:35.191Z"}
{"level":"debug","message":"Target \"dummyId\" asked for examination.","timestamp":"2018-01-08T23:49:35.192Z"}
{"level":"debug","message":"HERE BEFORE","timestamp":"2018-01-08T23:49:35.197Z"}
{"level":"debug","message":"HERE AFTER","timestamp":"2018-01-08T23:49:35.199Z"}
{"level":"debug","message":"RECEIVED: room,TheGeneratedIdOfThisRoom,{\"username\":\"webtest\",\"userId\":\"dummyId\",\"content\":\"/ignite \"}","timestamp":"2018-01-08T23:49:38.442Z"}
{"level":"info","message":"Parsed a message of type \"room\" sent to target \"TheGeneratedIdOfThisRoom\".","timestamp":"2018-01-08T23:49:38.446Z"}
{"level":"debug","message":"Target \"dummyId\" asked for examination.","timestamp":"2018-01-08T23:49:38.447Z"}
{"level":"debug","message":"HERE BEFORE","timestamp":"2018-01-08T23:49:38.449Z"}
{"level":"debug","message":"HERE AFTER","timestamp":"2018-01-08T23:49:38.453Z"}
{"level":"debug","message":"RECEIVED: room,TheGeneratedIdOfThisRoom,{\"username\":\"webtest\",\"userId\":\"dummyId\",\"content\":\"/exit \"}","timestamp":"2018-01-08T23:49:46.339Z"}
{"level":"info","message":"Parsed a message of type \"room\" sent to target \"TheGeneratedIdOfThisRoom\".","timestamp":"2018-01-08T23:49:46.342Z"}
{"level":"debug","message":"Target \"dummyId\" asked for examination.","timestamp":"2018-01-08T23:49:46.344Z"}
{"level":"debug","message":"HERE BEFORE","timestamp":"2018-01-08T23:49:46.346Z"}
["SCIENCE","TECHNOLOGY","ENGINEERING","ART","MATH"]
{"level":"debug","message":"HERE AFTER","timestamp":"2018-01-08T23:49:46.357Z"}
{"level":"info","message":"The server is exiting","timestamp":"2018-01-08T23:50:41.402Z"}
{"level":"info","message":"The HTTP server is listening on port 3000","timestamp":"2018-01-08T23:50:46.272Z"}
{"level":"info","message":"The WebSocket server is listening on port 3000","timestamp":"2018-01-08T23:50:46.275Z"}
{"level":"debug","message":"RECEIVED: room,TheGeneratedIdOfThisRoom,{\"username\":\"webtest\",\"userId\":\"dummyId\",\"content\":\"/enter science\"}","timestamp":"2018-01-08T23:50:51.173Z"}
{"level":"info","message":"Parsed a message of type \"room\" sent to target \"TheGeneratedIdOfThisRoom\".","timestamp":"2018-01-08T23:50:51.177Z"}
{"level":"debug","message":"Target \"dummyId\" asked for examination.","timestamp":"2018-01-08T23:50:51.179Z"}
{"level":"debug","message":"HERE BEFORE","timestamp":"2018-01-08T23:50:51.180Z"}
["SCIENCE","TECHNOLOGY","ENGINEERING","ART","MATH"]
{"level":"debug","message":"HERE AFTER","timestamp":"2018-01-08T23:50:51.184Z"}
{"level":"debug","message":"SCIENCE","timestamp":"2018-01-08T23:50:51.186Z"}
{"level":"debug","message":"TECHNOLOGY","timestamp":"2018-01-08T23:50:51.190Z"}
{"level":"debug","message":"ENGINEERING","timestamp":"2018-01-08T23:50:51.192Z"}
{"level":"debug","message":"ART","timestamp":"2018-01-08T23:50:51.193Z"}
{"level":"debug","message":"MATH","timestamp":"2018-01-08T23:50:51.195Z"}
{"level":"debug","message":"RECEIVED: room,TheGeneratedIdOfThisRoom,{\"username\":\"webtest\",\"userId\":\"dummyId\",\"content\":\"/grab coal\"}","timestamp":"2018-01-08T23:50:54.498Z"}
{"level":"info","message":"Parsed a message of type \"room\" sent to target \"TheGeneratedIdOfThisRoom\".","timestamp":"2018-01-08T23:50:54.502Z"}
{"level":"debug","message":"Target \"dummyId\" asked for examination.","timestamp":"2018-01-08T23:50:54.503Z"}
{"level":"debug","message":"HERE BEFORE","timestamp":"2018-01-08T23:50:54.507Z"}
{"level":"debug","message":"HERE AFTER","timestamp":"2018-01-08T23:50:54.509Z"}
{"level":"debug","message":"RECEIVED: room,TheGeneratedIdOfThisRoom,{\"username\":\"webtest\",\"userId\":\"dummyId\",\"content\":\"/ignite\"}","timestamp":"2018-01-08T23:50:56.634Z"}
{"level":"info","message":"Parsed a message of type \"room\" sent to target \"TheGeneratedIdOfThisRoom\".","timestamp":"2018-01-08T23:50:56.637Z"}
{"level":"debug","message":"Target \"dummyId\" asked for examination.","timestamp":"2018-01-08T23:50:56.639Z"}
{"level":"debug","message":"HERE BEFORE","timestamp":"2018-01-08T23:50:56.641Z"}
{"level":"debug","message":"HERE AFTER","timestamp":"2018-01-08T23:50:56.646Z"}
{"level":"debug","message":"RECEIVED: room,TheGeneratedIdOfThisRoom,{\"username\":\"webtest\",\"userId\":\"dummyId\",\"content\":\"/exit\"}","timestamp":"2018-01-08T23:50:59.450Z"}
{"level":"info","message":"Parsed a message of type \"room\" sent to target \"TheGeneratedIdOfThisRoom\".","timestamp":"2018-01-08T23:50:59.453Z"}
{"level":"debug","message":"Target \"dummyId\" asked for examination.","timestamp":"2018-01-08T23:50:59.456Z"}
{"level":"debug","message":"HERE BEFORE","timestamp":"2018-01-08T23:50:59.457Z"}
["SCIENCE","TECHNOLOGY","ENGINEERING","ART","MATH"]
{"level":"debug","message":"HERE AFTER","timestamp":"2018-01-08T23:50:59.463Z"}
{"level":"info","message":"The server is exiting","timestamp":"2018-01-08T23:51:27.817Z"}
{"level":"info","message":"The HTTP server is listening on port 3000","timestamp":"2018-01-08T23:51:33.851Z"}
{"level":"info","message":"The WebSocket server is listening on port 3000","timestamp":"2018-01-08T23:51:33.853Z"}
{"level":"debug","message":"RECEIVED: room,TheGeneratedIdOfThisRoom,{\"username\":\"webtest\",\"userId\":\"dummyId\",\"content\":\"/enter science\\\\\"}","timestamp":"2018-01-08T23:53:58.638Z"}
{"level":"info","message":"Parsed a message of type \"room\" sent to target \"TheGeneratedIdOfThisRoom\".","timestamp":"2018-01-08T23:53:58.640Z"}
{"level":"debug","message":"Target \"dummyId\" asked for examination.","timestamp":"2018-01-08T23:53:58.643Z"}
{"level":"debug","message":"HERE BEFORE","timestamp":"2018-01-08T23:53:58.645Z"}
["SCIENCE","TECHNOLOGY","ENGINEERING","ART","MATH"]
{"level":"debug","message":"HERE AFTER","timestamp":"2018-01-08T23:53:58.651Z"}
{"level":"debug","message":"SCIENCE","timestamp":"2018-01-08T23:53:58.653Z"}
{"level":"debug","message":"TECHNOLOGY","timestamp":"2018-01-08T23:53:58.657Z"}
{"level":"debug","message":"ENGINEERING","timestamp":"2018-01-08T23:53:58.659Z"}
{"level":"debug","message":"ART","timestamp":"2018-01-08T23:53:58.661Z"}
{"level":"debug","message":"MATH","timestamp":"2018-01-08T23:53:58.663Z"}
{"level":"debug","message":"RECEIVED: room,TheGeneratedIdOfThisRoom,{\"username\":\"webtest\",\"userId\":\"dummyId\",\"content\":\"/grab coal\"}","timestamp":"2018-01-08T23:54:02.259Z"}
{"level":"info","message":"Parsed a message of type \"room\" sent to target \"TheGeneratedIdOfThisRoom\".","timestamp":"2018-01-08T23:54:02.262Z"}
{"level":"debug","message":"Target \"dummyId\" asked for examination.","timestamp":"2018-01-08T23:54:02.264Z"}
{"level":"debug","message":"HERE BEFORE","timestamp":"2018-01-08T23:54:02.268Z"}
{"level":"debug","message":"HERE AFTER","timestamp":"2018-01-08T23:54:02.270Z"}
{"level":"debug","message":"RECEIVED: room,TheGeneratedIdOfThisRoom,{\"username\":\"webtest\",\"userId\":\"dummyId\",\"content\":\"/ignite\"}","timestamp":"2018-01-08T23:54:04.003Z"}
{"level":"info","message":"Parsed a message of type \"room\" sent to target \"TheGeneratedIdOfThisRoom\".","timestamp":"2018-01-08T23:54:04.006Z"}
{"level":"debug","message":"Target \"dummyId\" asked for examination.","timestamp":"2018-01-08T23:54:04.008Z"}
{"level":"debug","message":"HERE BEFORE","timestamp":"2018-01-08T23:54:04.010Z"}
{"level":"debug","message":"HERE AFTER","timestamp":"2018-01-08T23:54:04.014Z"}
{"level":"debug","message":"RECEIVED: room,TheGeneratedIdOfThisRoom,{\"username\":\"webtest\",\"userId\":\"dummyId\",\"content\":\"/exit\"}","timestamp":"2018-01-08T23:54:06.762Z"}
{"level":"info","message":"Parsed a message of type \"room\" sent to target \"TheGeneratedIdOfThisRoom\".","timestamp":"2018-01-08T23:54:06.765Z"}
{"level":"debug","message":"Target \"dummyId\" asked for examination.","timestamp":"2018-01-08T23:54:06.767Z"}
{"level":"debug","message":"HERE BEFORE","timestamp":"2018-01-08T23:54:06.769Z"}
["SCIENCE","TECHNOLOGY","ENGINEERING","ART","MATH"]
{"level":"debug","message":"HERE AFTER","timestamp":"2018-01-08T23:54:06.773Z"}
{"level":"info","message":"The server is exiting","timestamp":"2018-01-08T23:54:43.521Z"}
{"level":"info","message":"The HTTP server is listening on port 3000","timestamp":"2018-01-08T23:55:18.769Z"}
{"level":"info","message":"The WebSocket server is listening on port 3000","timestamp":"2018-01-08T23:55:18.773Z"}
{"level":"debug","message":"RECEIVED: room,TheGeneratedIdOfThisRoom,{\"username\":\"webtest\",\"userId\":\"dummyId\",\"content\":\"/enter science\"}","timestamp":"2018-01-08T23:55:23.741Z"}
{"level":"info","message":"Parsed a message of type \"room\" sent to target \"TheGeneratedIdOfThisRoom\".","timestamp":"2018-01-08T23:55:23.745Z"}
{"level":"debug","message":"Target \"dummyId\" asked for examination.","timestamp":"2018-01-08T23:55:23.747Z"}
{"level":"debug","message":"HERE BEFORE","timestamp":"2018-01-08T23:55:23.749Z"}
["SCIENCE","TECHNOLOGY","ENGINEERING","ART","MATH"]
{"level":"debug","message":"HERE AFTER","timestamp":"2018-01-08T23:55:23.752Z"}
{"level":"debug","message":"SCIENCE","timestamp":"2018-01-08T23:55:23.757Z"}
{"level":"debug","message":"TECHNOLOGY","timestamp":"2018-01-08T23:55:23.758Z"}
{"level":"debug","message":"ENGINEERING","timestamp":"2018-01-08T23:55:23.760Z"}
{"level":"debug","message":"ART","timestamp":"2018-01-08T23:55:23.762Z"}
{"level":"debug","message":"MATH","timestamp":"2018-01-08T23:55:23.764Z"}
{"level":"debug","message":"RECEIVED: room,TheGeneratedIdOfThisRoom,{\"username\":\"webtest\",\"userId\":\"dummyId\",\"content\":\"/grab coal\"}","timestamp":"2018-01-08T23:55:29.659Z"}
{"level":"info","message":"Parsed a message of type \"room\" sent to target \"TheGeneratedIdOfThisRoom\".","timestamp":"2018-01-08T23:55:29.662Z"}
{"level":"debug","message":"Target \"dummyId\" asked for examination.","timestamp":"2018-01-08T23:55:29.664Z"}
{"level":"debug","message":"HERE BEFORE","timestamp":"2018-01-08T23:55:29.677Z"}
{"level":"debug","message":"HERE AFTER","timestamp":"2018-01-08T23:55:29.678Z"}
{"level":"debug","message":"RECEIVED: room,TheGeneratedIdOfThisRoom,{\"username\":\"webtest\",\"userId\":\"dummyId\",\"content\":\"/ignite\"}","timestamp":"2018-01-08T23:55:31.883Z"}
{"level":"info","message":"Parsed a message of type \"room\" sent to target \"TheGeneratedIdOfThisRoom\".","timestamp":"2018-01-08T23:55:31.886Z"}
{"level":"debug","message":"Target \"dummyId\" asked for examination.","timestamp":"2018-01-08T23:55:31.888Z"}
{"level":"debug","message":"HERE BEFORE","timestamp":"2018-01-08T23:55:31.890Z"}
{"level":"debug","message":"HERE AFTER","timestamp":"2018-01-08T23:55:31.894Z"}
{"level":"debug","message":"RECEIVED: room,TheGeneratedIdOfThisRoom,{\"username\":\"webtest\",\"userId\":\"dummyId\",\"content\":\"/exit\"}","timestamp":"2018-01-08T23:55:34.507Z"}
{"level":"info","message":"Parsed a message of type \"room\" sent to target \"TheGeneratedIdOfThisRoom\".","timestamp":"2018-01-08T23:55:34.510Z"}
{"level":"debug","message":"Target \"dummyId\" asked for examination.","timestamp":"2018-01-08T23:55:34.512Z"}
{"level":"debug","message":"HERE BEFORE","timestamp":"2018-01-08T23:55:34.514Z"}
["SCIENCE","TECHNOLOGY","ENGINEERING","ART","MATH"]
{"level":"debug","message":"HERE AFTER","timestamp":"2018-01-08T23:55:34.523Z"}
{"level":"debug","message":"RECEIVED: room,TheGeneratedIdOfThisRoom,{\"username\":\"webtest\",\"userId\":\"dummyId\",\"content\":\"/enter art\"}","timestamp":"2018-01-08T23:55:48.979Z"}
{"level":"info","message":"Parsed a message of type \"room\" sent to target \"TheGeneratedIdOfThisRoom\".","timestamp":"2018-01-08T23:55:48.981Z"}
{"level":"debug","message":"Target \"dummyId\" asked for examination.","timestamp":"2018-01-08T23:55:48.984Z"}
{"level":"debug","message":"HERE BEFORE","timestamp":"2018-01-08T23:55:48.986Z"}
["SCIENCE","TECHNOLOGY","ENGINEERING","ART","MATH"]
{"level":"debug","message":"HERE AFTER","timestamp":"2018-01-08T23:55:48.999Z"}
{"level":"debug","message":"SCIENCE","timestamp":"2018-01-08T23:55:49.001Z"}
{"level":"debug","message":"TECHNOLOGY","timestamp":"2018-01-08T23:55:49.003Z"}
{"level":"debug","message":"ENGINEERING","timestamp":"2018-01-08T23:55:49.007Z"}
{"level":"debug","message":"ART","timestamp":"2018-01-08T23:55:49.009Z"}
{"level":"debug","message":"MATH","timestamp":"2018-01-08T23:55:49.011Z"}
{"level":"debug","message":"RECEIVED: room,TheGeneratedIdOfThisRoom,{\"username\":\"webtest\",\"userId\":\"dummyId\",\"content\":\"/exit\"}","timestamp":"2018-01-08T23:55:52.154Z"}
{"level":"info","message":"Parsed a message of type \"room\" sent to target \"TheGeneratedIdOfThisRoom\".","timestamp":"2018-01-08T23:55:52.157Z"}
{"level":"debug","message":"Target \"dummyId\" asked for examination.","timestamp":"2018-01-08T23:55:52.160Z"}
{"level":"debug","message":"HERE BEFORE","timestamp":"2018-01-08T23:55:52.161Z"}
["SCIENCE","TECHNOLOGY","ENGINEERING","ART","MATH"]
{"level":"debug","message":"HERE AFTER","timestamp":"2018-01-08T23:55:52.168Z"}
{"level":"info","message":"The server is exiting","timestamp":"2018-01-08T23:56:04.826Z"}
{"level":"info","message":"The HTTP server is listening on port 3000","timestamp":"2018-01-24T16:09:00.893Z"}
{"level":"info","message":"The WebSocket server is listening on port 3000","timestamp":"2018-01-24T16:09:00.896Z"}
{"level":"debug","message":"RECEIVED: room,TheGeneratedIdOfThisRoom,{\"username\":\"webtest\",\"userId\":\"dummyId\",\"content\":\"/enter science\"}","timestamp":"2018-01-24T16:09:23.434Z"}
{"level":"info","message":"Parsed a message of type \"room\" sent to target \"TheGeneratedIdOfThisRoom\".","timestamp":"2018-01-24T16:09:23.438Z"}
{"level":"debug","message":"Target \"dummyId\" asked for examination.","timestamp":"2018-01-24T16:09:23.439Z"}
{"level":"debug","message":"HERE BEFORE","timestamp":"2018-01-24T16:09:23.454Z"}
["SCIENCE","TECHNOLOGY","ENGINEERING","ART","MATH"]
{"level":"debug","message":"HERE AFTER","timestamp":"2018-01-24T16:09:23.458Z"}
{"level":"debug","message":"SCIENCE","timestamp":"2018-01-24T16:09:23.464Z"}
{"level":"debug","message":"TECHNOLOGY","timestamp":"2018-01-24T16:09:23.468Z"}
{"level":"debug","message":"ENGINEERING","timestamp":"2018-01-24T16:09:23.470Z"}
{"level":"debug","message":"ART","timestamp":"2018-01-24T16:09:23.471Z"}
{"level":"debug","message":"MATH","timestamp":"2018-01-24T16:09:23.473Z"}
{"level":"debug","message":"RECEIVED: room,TheGeneratedIdOfThisRoom,{\"username\":\"webtest\",\"userId\":\"dummyId\",\"content\":\"/grab coal\"}","timestamp":"2018-01-24T16:09:53.745Z"}
{"level":"info","message":"Parsed a message of type \"room\" sent to target \"TheGeneratedIdOfThisRoom\".","timestamp":"2018-01-24T16:09:53.749Z"}
{"level":"debug","message":"Target \"dummyId\" asked for examination.","timestamp":"2018-01-24T16:09:53.751Z"}
{"level":"debug","message":"HERE BEFORE","timestamp":"2018-01-24T16:09:53.767Z"}
{"level":"debug","message":"HERE AFTER","timestamp":"2018-01-24T16:09:53.769Z"}
{"level":"debug","message":"RECEIVED: room,TheGeneratedIdOfThisRoom,{\"username\":\"webtest\",\"userId\":\"dummyId\",\"content\":\"/ignite\"}","timestamp":"2018-01-24T16:10:12.560Z"}
{"level":"info","message":"Parsed a message of type \"room\" sent to target \"TheGeneratedIdOfThisRoom\".","timestamp":"2018-01-24T16:10:12.563Z"}
{"level":"debug","message":"Target \"dummyId\" asked for examination.","timestamp":"2018-01-24T16:10:12.565Z"}
{"level":"debug","message":"HERE BEFORE","timestamp":"2018-01-24T16:10:12.568Z"}
{"level":"debug","message":"HERE AFTER","timestamp":"2018-01-24T16:10:12.584Z"}
{"level":"debug","message":"RECEIVED: room,TheGeneratedIdOfThisRoom,{\"username\":\"webtest\",\"userId\":\"dummyId\",\"content\":\"/exit\"}","timestamp":"2018-01-24T16:10:29.672Z"}
{"level":"info","message":"Parsed a message of type \"room\" sent to target \"TheGeneratedIdOfThisRoom\".","timestamp":"2018-01-24T16:10:29.675Z"}
{"level":"debug","message":"Target \"dummyId\" asked for examination.","timestamp":"2018-01-24T16:10:29.678Z"}
{"level":"debug","message":"HERE BEFORE","timestamp":"2018-01-24T16:10:29.679Z"}
["SCIENCE","TECHNOLOGY","ENGINEERING","ART","MATH"]
{"level":"debug","message":"HERE AFTER","timestamp":"2018-01-24T16:10:29.698Z"}
{"level":"info","message":"The server is exiting","timestamp":"2018-01-24T16:12:49.231Z"}
{"level":"info","message":"The HTTP server is listening on port 3000","timestamp":"2018-01-29T19:38:55.212Z"}
{"level":"info","message":"The WebSocket server is listening on port 3000","timestamp":"2018-01-29T19:38:55.214Z"}
{"level":"debug","message":"RECEIVED: room,TheGeneratedIdOfThisRoom,{\"username\":\"webtest\",\"userId\":\"dummyId\",\"content\":\"/enter science\"}","timestamp":"2018-01-29T19:40:54.241Z"}
{"level":"info","message":"Parsed a message of type \"room\" sent to target \"TheGeneratedIdOfThisRoom\".","timestamp":"2018-01-29T19:40:54.243Z"}
{"level":"debug","message":"Target \"dummyId\" asked for examination.","timestamp":"2018-01-29T19:40:54.243Z"}
{"level":"debug","message":"HERE BEFORE","timestamp":"2018-01-29T19:40:54.244Z"}
["SCIENCE","TECHNOLOGY","ENGINEERING","ART","MATH"]
{"level":"debug","message":"HERE AFTER","timestamp":"2018-01-29T19:40:54.244Z"}
{"level":"debug","message":"SCIENCE","timestamp":"2018-01-29T19:40:54.245Z"}
{"level":"debug","message":"TECHNOLOGY","timestamp":"2018-01-29T19:40:54.245Z"}
{"level":"debug","message":"ENGINEERING","timestamp":"2018-01-29T19:40:54.245Z"}
{"level":"debug","message":"ART","timestamp":"2018-01-29T19:40:54.245Z"}
{"level":"debug","message":"MATH","timestamp":"2018-01-29T19:40:54.245Z"}
{"level":"debug","message":"RECEIVED: room,TheGeneratedIdOfThisRoom,{\"username\":\"webtest\",\"userId\":\"dummyId\",\"content\":\"/exit\"}","timestamp":"2018-01-29T19:40:56.783Z"}
{"level":"info","message":"Parsed a message of type \"room\" sent to target \"TheGeneratedIdOfThisRoom\".","timestamp":"2018-01-29T19:40:56.784Z"}
{"level":"debug","message":"Target \"dummyId\" asked for examination.","timestamp":"2018-01-29T19:40:56.785Z"}
{"level":"debug","message":"HERE BEFORE","timestamp":"2018-01-29T19:40:56.785Z"}
["SCIENCE","TECHNOLOGY","ENGINEERING","ART","MATH"]
{"level":"debug","message":"HERE AFTER","timestamp":"2018-01-29T19:40:56.785Z"}
{"level":"debug","message":"RECEIVED: room,TheGeneratedIdOfThisRoom,{\"username\":\"webtest\",\"userId\":\"dummyId\",\"content\":\"/enter science\"}","timestamp":"2018-01-29T19:43:05.168Z"}
{"level":"info","message":"Parsed a message of type \"room\" sent to target \"TheGeneratedIdOfThisRoom\".","timestamp":"2018-01-29T19:43:05.168Z"}
{"level":"debug","message":"Target \"dummyId\" asked for examination.","timestamp":"2018-01-29T19:43:05.169Z"}
{"level":"debug","message":"HERE BEFORE","timestamp":"2018-01-29T19:43:05.169Z"}
["SCIENCE","TECHNOLOGY","ENGINEERING","ART","MATH"]
{"level":"debug","message":"HERE AFTER","timestamp":"2018-01-29T19:43:05.169Z"}
{"level":"debug","message":"SCIENCE","timestamp":"2018-01-29T19:43:05.169Z"}
{"level":"debug","message":"TECHNOLOGY","timestamp":"2018-01-29T19:43:05.169Z"}
{"level":"debug","message":"ENGINEERING","timestamp":"2018-01-29T19:43:05.169Z"}
{"level":"debug","message":"ART","timestamp":"2018-01-29T19:43:05.169Z"}
{"level":"debug","message":"MATH","timestamp":"2018-01-29T19:43:05.170Z"}
{"level":"debug","message":"RECEIVED: room,TheGeneratedIdOfThisRoom,{\"username\":\"webtest\",\"userId\":\"dummyId\",\"content\":\"/grab coal\"}","timestamp":"2018-01-29T19:43:09.048Z"}
{"level":"info","message":"Parsed a message of type \"room\" sent to target \"TheGeneratedIdOfThisRoom\".","timestamp":"2018-01-29T19:43:09.048Z"}
{"level":"debug","message":"Target \"dummyId\" asked for examination.","timestamp":"2018-01-29T19:43:09.049Z"}
{"level":"debug","message":"HERE BEFORE","timestamp":"2018-01-29T19:43:09.049Z"}
{"level":"debug","message":"HERE AFTER","timestamp":"2018-01-29T19:43:09.050Z"}
{"level":"debug","message":"RECEIVED: room,TheGeneratedIdOfThisRoom,{\"username\":\"webtest\",\"userId\":\"dummyId\",\"content\":\"/ignite\"}","timestamp":"2018-01-29T19:43:11.520Z"}
{"level":"info","message":"Parsed a message of type \"room\" sent to target \"TheGeneratedIdOfThisRoom\".","timestamp":"2018-01-29T19:43:11.523Z"}
{"level":"debug","message":"Target \"dummyId\" asked for examination.","timestamp":"2018-01-29T19:43:11.525Z"}
{"level":"debug","message":"HERE BEFORE","timestamp":"2018-01-29T19:43:11.527Z"}
{"level":"debug","message":"HERE AFTER","timestamp":"2018-01-29T19:43:11.531Z"}
{"level":"debug","message":"RECEIVED: room,TheGeneratedIdOfThisRoom,{\"username\":\"webtest\",\"userId\":\"dummyId\",\"content\":\"/exit\"}","timestamp":"2018-01-29T19:43:19.560Z"}
{"level":"info","message":"Parsed a message of type \"room\" sent to target \"TheGeneratedIdOfThisRoom\".","timestamp":"2018-01-29T19:43:19.563Z"}
{"level":"debug","message":"Target \"dummyId\" asked for examination.","timestamp":"2018-01-29T19:43:19.565Z"}
{"level":"debug","message":"HERE BEFORE","timestamp":"2018-01-29T19:43:19.567Z"}
["SCIENCE","TECHNOLOGY","ENGINEERING","ART","MATH"]
{"level":"debug","message":"HERE AFTER","timestamp":"2018-01-29T19:43:19.578Z"}
{"level":"debug","message":"Connection closed.","timestamp":"2018-01-29T19:43:32.698Z"}
{"level":"info","message":"The server is exiting","timestamp":"2018-01-29T19:43:43.071Z"}
